2013-08-09 03:33:44,919 - [INFO] - from play in main 
Listening for HTTP on /0.0.0.0:9000

2013-08-09 03:33:48,349 - [INFO] - from play in play-internal-execution-context-1 
Application started (Dev)

2013-08-09 03:33:48,490 - [INFO] - from application in Thread-15 
 [*] Waiting for messages. To exit press CTRL+C

2013-08-09 03:34:13,925 - [INFO] - from application in iteratee-execution-context-1 
removed play.mvc.WebSocket$In@67c28a6a

2013-08-09 03:34:15,052 - [INFO] - from play in play-internal-execution-context-2 
Application started (Dev)

2013-08-09 03:34:15,063 - [INFO] - from application in Thread-20 
 [*] Waiting for messages. To exit press CTRL+C

2013-08-09 03:34:22,408 - [INFO] - from application in play-akka.actor.default-dispatcher-11 
placing message on queue "dummy message"

2013-08-09 03:34:22,416 - [INFO] - from application in play-akka.actor.default-dispatcher-11 
 published '"dummy message"'

2013-08-09 03:34:25,253 - [INFO] - from application in iteratee-execution-context-1 
removed play.mvc.WebSocket$In@12b3e42b

2013-08-09 03:34:27,763 - [INFO] - from application in iteratee-execution-context-2 
removed play.mvc.WebSocket$In@348fb08f

2013-08-09 03:34:33,557 - [INFO] - from application in play-akka.actor.default-dispatcher-13 
placing message on queue "dummy message5656"

2013-08-09 03:34:33,582 - [INFO] - from application in play-akka.actor.default-dispatcher-13 
 published '"dummy message5656"'

2013-08-09 03:34:35,484 - [INFO] - from application in play-akka.actor.default-dispatcher-13 
placing message on queue "dummy message5656"

2013-08-09 03:34:35,493 - [INFO] - from application in play-akka.actor.default-dispatcher-13 
 published '"dummy message5656"'

2013-08-09 03:34:38,140 - [INFO] - from application in iteratee-execution-context-2 
removed play.mvc.WebSocket$In@565087b0

2013-08-09 03:34:40,404 - [INFO] - from application in iteratee-execution-context-1 
removed play.mvc.WebSocket$In@77958338

